<?xml version="1.0" encoding="UTF-8"?>
<!-- Generated by org.testng.reporters.JUnitXMLReporter -->
<testsuite ignored="0" hostname="RDPC42" failures="3" tests="12" name="Test" time="9.597" errors="0" timestamp="2023-05-25T11:17:53 IST">
  <testcase classname="api.test.LoginTests" name="testLogin" time="4.238"/>
  <testcase classname="api.test.LoginTests" name="testResendOtp" time="1.447"/>
  <testcase classname="api.test.LoginTests" name="testVerifyOtp" time="0.354"/>
  <testcase classname="api.test.PincodeServiceableTests" name="pincodeServiceable" time="0.362"/>
  <testcase classname="api.test.DetectDeviceTests" name="testDetectDevice" time="0.808"/>
  <testcase classname="api.test.ListVariantsTests" name="testListVariantQuestions" time="0.453"/>
  <testcase classname="api.test.GetCommonQuoteTests" name="testGetCommonQuotes" time="0.331">
    <failure type="java.lang.AssertionError" message="expected [Success] but found [Invalid or missing parameters]">
      <![CDATA[java.lang.AssertionError: expected [Success] but found [Invalid or missing parameters]
at api.test.GetCommonQuoteTests.testGetCommonQuotes(GetCommonQuoteTests.java:110)
at java.base/java.util.ArrayList.forEach(ArrayList.java:1511)
... Removed 33 stack frames]]>
    </failure>
  </testcase> <!-- testGetCommonQuotes -->
  <testcase classname="api.test.GetAddressTests" name="testGetAddress" time="0.428"/>
  <testcase classname="api.test.AddUpdateAddressTests" name="testAddUpdateAddress" time="0.346"/>
  <testcase classname="api.test.ApplicablePaymentMethodsTests" name="testApplicablePaymentMethods" time="0.007">
    <failure type="java.lang.IllegalArgumentException" message="body cannot be null">
      <![CDATA[java.lang.IllegalArgumentException: body cannot be null
at org.codehaus.groovy.runtime.callsite.ConstructorSite$ConstructorSiteNoUnwrap.callConstructor(ConstructorSite.java:86)
at org.codehaus.groovy.runtime.callsite.CallSiteArray.defaultCallConstructor(CallSiteArray.java:57)
at org.codehaus.groovy.runtime.callsite.AbstractCallSite.callConstructor(AbstractCallSite.java:263)
at org.codehaus.groovy.runtime.callsite.AbstractCallSite.callConstructor(AbstractCallSite.java:277)
at io.restassured.internal.common.assertion.AssertParameter.notNull(AssertParameter.groovy:26)
at io.restassured.internal.common.assertion.AssertParameter$notNull.callStatic(Unknown Source)
at org.codehaus.groovy.runtime.callsite.CallSiteArray.defaultCallStatic(CallSiteArray.java:53)
at io.restassured.internal.common.assertion.AssertParameter$notNull.callStatic(Unknown Source)
at io.restassured.internal.RequestSpecificationImpl.body(RequestSpecificationImpl.groovy:698)
at api.endpoints.ApplicablePaymentMethodsEndPoints.applicablePaymentMathods(ApplicablePaymentMethodsEndPoints.java:17)
at api.test.ApplicablePaymentMethodsTests.testApplicablePaymentMethods(ApplicablePaymentMethodsTests.java:14)
at java.base/java.util.ArrayList.forEach(ArrayList.java:1511)
... Removed 34 stack frames]]>
    </failure>
  </testcase> <!-- testApplicablePaymentMethods -->
  <testcase classname="api.test.OrderAvailableTimeslotsTests" name="testOrderAvaialbleTimeslots" time="0.322"/>
  <testcase classname="api.test.VerifyIfscTests" name="testVerifyIfsc" time="0.263">
    <failure type="java.lang.AssertionError" message="expected [success] but found [Invalid or missing parameters]">
      <![CDATA[java.lang.AssertionError: expected [success] but found [Invalid or missing parameters]
at api.test.VerifyIfscTests.testVerifyIfsc(VerifyIfscTests.java:23)
at java.base/java.util.ArrayList.forEach(ArrayList.java:1511)
... Removed 33 stack frames]]>
    </failure>
  </testcase> <!-- testVerifyIfsc -->
</testsuite> <!-- Test -->
