<!DOCTYPE html PUBLIC "-//W3C//DTD XHTML 1.1//EN" "https://www.w3.org/TR/xhtml11/DTD/xhtml11.dtd">
<html xmlns="https://www.w3.org/1999/xhtml">
<head>
<meta http-equiv="content-type" content="text/html; charset=UTF-8"/>
<title>TestNG Report</title>
<style type="text/css">table {margin-bottom:10px;border-collapse:collapse;empty-cells:show}th,td {border:1px solid #009;padding:.25em .5em}th {vertical-align:bottom}td {vertical-align:top}table a {font-weight:bold}.stripe td {background-color: #E6EBF9}.num {text-align:right}.passedodd td {background-color: #3F3}.passedeven td {background-color: #0A0}.skippedodd td {background-color: #DDD}.skippedeven td {background-color: #CCC}.failedodd td,.attn {background-color: #F33}.failedeven td,.stripe .attn {background-color: #D00}.stacktrace {white-space:pre;font-family:monospace}.totop {font-size:85%;text-align:center;border-bottom:2px solid #000}.invisible {display:none}</style>
</head>
<body>
<table>
<tr><th>Test</th><th># Passed</th><th># Skipped</th><th># Retried</th><th># Failed</th><th>Time (ms)</th><th>Included Groups</th><th>Excluded Groups</th></tr>
<tr><th colspan="8">Suite</th></tr>
<tr><td><a href="#t0">Test</a></td><td class="num">9</td><td class="num">0</td><td class="num">0</td><td class="num attn">3</td><td class="num">9,597</td><td></td><td></td></tr>
</table>
<table id='summary'><thead><tr><th>Class</th><th>Method</th><th>Start</th><th>Time (ms)</th></tr></thead><tbody><tr><th colspan="4">Suite</th></tr></tbody><tbody id="t0"><tr><th colspan="4">Test &#8212; failed</th></tr><tr class="failedeven"><td rowspan="1">api.test.ApplicablePaymentMethodsTests</td><td><a href="#m0">testApplicablePaymentMethods</a></td><td rowspan="1">1684993672961</td><td rowspan="1">7</td></tr><tr class="failedodd"><td rowspan="1">api.test.GetCommonQuoteTests</td><td><a href="#m1">testGetCommonQuotes</a></td><td rowspan="1">1684993671805</td><td rowspan="1">331</td></tr><tr class="failedeven"><td rowspan="1">api.test.VerifyIfscTests</td><td><a href="#m2">testVerifyIfsc</a></td><td rowspan="1">1684993673303</td><td rowspan="1">263</td></tr><tr><th colspan="4">Test &#8212; passed</th></tr><tr class="passedeven"><td rowspan="1">api.test.AddUpdateAddressTests</td><td><a href="#m3">testAddUpdateAddress</a></td><td rowspan="1">1684993672609</td><td rowspan="1">346</td></tr><tr class="passedodd"><td rowspan="1">api.test.DetectDeviceTests</td><td><a href="#m4">testDetectDevice</a></td><td rowspan="1">1684993670533</td><td rowspan="1">808</td></tr><tr class="passedeven"><td rowspan="1">api.test.GetAddressTests</td><td><a href="#m5">testGetAddress</a></td><td rowspan="1">1684993672171</td><td rowspan="1">428</td></tr><tr class="passedodd"><td rowspan="1">api.test.ListVariantsTests</td><td><a href="#m6">testListVariantQuestions</a></td><td rowspan="1">1684993671347</td><td rowspan="1">453</td></tr><tr class="passedeven"><td rowspan="3">api.test.LoginTests</td><td><a href="#m7">testLogin</a></td><td rowspan="1">1684993664099</td><td rowspan="1">4238</td></tr><tr class="passedeven"><td><a href="#m8">testResendOtp</a></td><td rowspan="1">1684993668350</td><td rowspan="1">1447</td></tr><tr class="passedeven"><td><a href="#m9">testVerifyOtp</a></td><td rowspan="1">1684993669803</td><td rowspan="1">354</td></tr><tr class="passedodd"><td rowspan="1">api.test.OrderAvailableTimeslotsTests</td><td><a href="#m10">testOrderAvaialbleTimeslots</a></td><td rowspan="1">1684993672972</td><td rowspan="1">322</td></tr><tr class="passedeven"><td rowspan="1">api.test.PincodeServiceableTests</td><td><a href="#m11">pincodeServiceable</a></td><td rowspan="1">1684993670164</td><td rowspan="1">362</td></tr></tbody>
</table>
<h2>Test</h2><h3 id="m0">api.test.ApplicablePaymentMethodsTests#testApplicablePaymentMethods</h3><table class="result"><tr><th>Exception</th></tr><tr><td><div class="stacktrace">java.lang.IllegalArgumentException: body cannot be null
	at org.codehaus.groovy.runtime.callsite.ConstructorSite$ConstructorSiteNoUnwrap.callConstructor(ConstructorSite.java:86)
	at org.codehaus.groovy.runtime.callsite.CallSiteArray.defaultCallConstructor(CallSiteArray.java:57)
	at org.codehaus.groovy.runtime.callsite.AbstractCallSite.callConstructor(AbstractCallSite.java:263)
	at org.codehaus.groovy.runtime.callsite.AbstractCallSite.callConstructor(AbstractCallSite.java:277)
	at io.restassured.internal.common.assertion.AssertParameter.notNull(AssertParameter.groovy:26)
	at io.restassured.internal.common.assertion.AssertParameter$notNull.callStatic(Unknown Source)
	at org.codehaus.groovy.runtime.callsite.CallSiteArray.defaultCallStatic(CallSiteArray.java:53)
	at io.restassured.internal.common.assertion.AssertParameter$notNull.callStatic(Unknown Source)
	at io.restassured.internal.RequestSpecificationImpl.body(RequestSpecificationImpl.groovy:698)
	at api.endpoints.ApplicablePaymentMethodsEndPoints.applicablePaymentMathods(ApplicablePaymentMethodsEndPoints.java:17)
	at api.test.ApplicablePaymentMethodsTests.testApplicablePaymentMethods(ApplicablePaymentMethodsTests.java:14)
	at java.base/java.util.ArrayList.forEach(ArrayList.java:1511)
... Removed 34 stack frames</div></td></tr></table><p class="totop"><a href="#summary">back to summary</a></p>
<h3 id="m1">api.test.GetCommonQuoteTests#testGetCommonQuotes</h3><table class="result"><tr><th>Exception</th></tr><tr><td><div class="stacktrace">java.lang.AssertionError: expected [Success] but found [Invalid or missing parameters]
	at api.test.GetCommonQuoteTests.testGetCommonQuotes(GetCommonQuoteTests.java:110)
	at java.base/java.util.ArrayList.forEach(ArrayList.java:1511)
... Removed 33 stack frames</div></td></tr></table><p class="totop"><a href="#summary">back to summary</a></p>
<h3 id="m2">api.test.VerifyIfscTests#testVerifyIfsc</h3><table class="result"><tr><th>Exception</th></tr><tr><td><div class="stacktrace">java.lang.AssertionError: expected [success] but found [Invalid or missing parameters]
	at api.test.VerifyIfscTests.testVerifyIfsc(VerifyIfscTests.java:23)
	at java.base/java.util.ArrayList.forEach(ArrayList.java:1511)
... Removed 33 stack frames</div></td></tr></table><p class="totop"><a href="#summary">back to summary</a></p>
<h3 id="m3">api.test.AddUpdateAddressTests#testAddUpdateAddress</h3><table class="result"><tr><th class="invisible"/></tr></table><p class="totop"><a href="#summary">back to summary</a></p>
<h3 id="m4">api.test.DetectDeviceTests#testDetectDevice</h3><table class="result"><tr><th class="invisible"/></tr></table><p class="totop"><a href="#summary">back to summary</a></p>
<h3 id="m5">api.test.GetAddressTests#testGetAddress</h3><table class="result"><tr><th class="invisible"/></tr></table><p class="totop"><a href="#summary">back to summary</a></p>
<h3 id="m6">api.test.ListVariantsTests#testListVariantQuestions</h3><table class="result"><tr><th class="invisible"/></tr></table><p class="totop"><a href="#summary">back to summary</a></p>
<h3 id="m7">api.test.LoginTests#testLogin</h3><table class="result"><tr><th class="invisible"/></tr></table><p class="totop"><a href="#summary">back to summary</a></p>
<h3 id="m8">api.test.LoginTests#testResendOtp</h3><table class="result"><tr><th class="invisible"/></tr></table><p class="totop"><a href="#summary">back to summary</a></p>
<h3 id="m9">api.test.LoginTests#testVerifyOtp</h3><table class="result"><tr><th class="invisible"/></tr></table><p class="totop"><a href="#summary">back to summary</a></p>
<h3 id="m10">api.test.OrderAvailableTimeslotsTests#testOrderAvaialbleTimeslots</h3><table class="result"><tr><th class="invisible"/></tr></table><p class="totop"><a href="#summary">back to summary</a></p>
<h3 id="m11">api.test.PincodeServiceableTests#pincodeServiceable</h3><table class="result"><tr><th class="invisible"/></tr></table><p class="totop"><a href="#summary">back to summary</a></p>
</body>
</html>
